<?xml version="1.0" encoding="UTF-8"?>
<testng-results ignored="0" total="1" passed="1" failed="0" skipped="0">
  <reporter-output>
  </reporter-output>
  <suite started-at="2024-03-28T13:51:32 IST" name="Surefire suite" finished-at="2024-03-28T13:51:38 IST" duration-ms="6553">
    <groups>
    </groups>
    <test started-at="2024-03-28T13:51:32 IST" name="Surefire test" finished-at="2024-03-28T13:51:38 IST" duration-ms="6553">
      <class name="TestLogin">
        <test-method signature="logInTest()[pri:0, instance:TestLogin@60704c]" started-at="2024-03-28T13:51:32 IST" name="logInTest" finished-at="2024-03-28T13:51:38 IST" duration-ms="6467" status="PASS">
          <reporter-output>
          </reporter-output>
        </test-method> <!-- logInTest -->
      </class> <!-- TestLogin -->
    </test> <!-- Surefire test -->
  </suite> <!-- Surefire suite -->
</testng-results>
